This file contains any messages produced by compilers while
running configure, to aid debugging if configure makes a mistake.

It was created by juman configure 7.01, which was
generated by GNU Autoconf 2.65.  Invocation command line was

  $ ./configure 

## --------- ##
## Platform. ##
## --------- ##

hostname = nakanishitomoakinoMacBook-Pro-8.local
uname -m = x86_64
uname -r = 18.2.0
uname -s = Darwin
uname -v = Darwin Kernel Version 18.2.0: Mon Nov 12 20:24:46 PST 2018; root:xnu-4903.231.4~2/RELEASE_X86_64

/usr/bin/uname -p = i386
/bin/uname -X     = unknown

/bin/arch              = unknown
/usr/bin/arch -k       = unknown
/usr/convex/getsysinfo = unknown
/usr/bin/hostinfo      = Mach kernel version:
	 Darwin Kernel Version 18.2.0: Mon Nov 12 20:24:46 PST 2018; root:xnu-4903.231.4~2/RELEASE_X86_64
Kernel configured for up to 4 processors.
2 processors are physically available.
4 processors are logically available.
Processor type: x86_64h (Intel x86-64h Haswell)
Processors active: 0 1 2 3
Primary memory available: 8.00 gigabytes
Default processor set: 366 tasks, 1672 threads, 4 processors
Load average: 1.86, Mach factor: 2.25
/bin/machine           = unknown
/usr/bin/oslevel       = unknown
/bin/universe          = unknown

PATH: /Users/e175714/.pyenv/shims
PATH: /bin
PATH: /usr/local/bin
PATH: /opt/homebrew/bin
PATH: /sbin
PATH: /bin
PATH: /usr/bin
PATH: /usr/texbin
PATH: /usr/local/bin
PATH: /usr/bin
PATH: /bin
PATH: /usr/sbin
PATH: /sbin
PATH: /Library/TeX/texbin
PATH: /usr/local/share/dotnet
PATH: /opt/X11/bin
PATH: /Library/Frameworks/Mono.framework/Versions/Current/Commands
PATH: /Applications/MAMP/Library/bin


## ----------- ##
## Core tests. ##
## ----------- ##

configure:2405: checking for a BSD-compatible install
configure:2473: result: /usr/bin/install -c
configure:2484: checking whether build environment is sane
configure:2534: result: yes
configure:2675: checking for a thread-safe mkdir -p
configure:2714: result: ./install-sh -c -d
configure:2727: checking for gawk
configure:2757: result: no
configure:2727: checking for mawk
configure:2757: result: no
configure:2727: checking for nawk
configure:2757: result: no
configure:2727: checking for awk
configure:2743: found /usr/bin/awk
configure:2754: result: awk
configure:2765: checking whether make sets $(MAKE)
configure:2787: result: yes
configure:2919: checking for gcc
configure:2935: found /usr/bin/gcc
configure:2946: result: gcc
configure:3175: checking for C compiler version
configure:3184: gcc --version >&5
Apple LLVM version 10.0.0 (clang-1000.11.45.5)
Target: x86_64-apple-darwin18.2.0
Thread model: posix
InstalledDir: /Applications/Xcode.app/Contents/Developer/Toolchains/XcodeDefault.xctoolchain/usr/bin
Configured with: --prefix=/Applications/Xcode.app/Contents/Developer/usr --with-gxx-include-dir=/usr/include/c++/4.2.1
configure:3195: $? = 0
configure:3184: gcc -v >&5
Configured with: --prefix=/Applications/Xcode.app/Contents/Developer/usr --with-gxx-include-dir=/usr/include/c++/4.2.1
Apple LLVM version 10.0.0 (clang-1000.11.45.5)
Target: x86_64-apple-darwin18.2.0
Thread model: posix
InstalledDir: /Applications/Xcode.app/Contents/Developer/Toolchains/XcodeDefault.xctoolchain/usr/bin
configure:3195: $? = 0
configure:3184: gcc -V >&5
clang: error: argument to '-V' is missing (expected 1 value)
clang: error: no input files
configure:3195: $? = 1
configure:3184: gcc -qversion >&5
clang: error: unknown argument: '-qversion'
clang: error: no input files
configure:3195: $? = 1
configure:3215: checking whether the C compiler works
configure:3237: gcc    conftest.c  >&5
configure:3241: $? = 0
configure:3290: result: yes
configure:3293: checking for C compiler default output file name
configure:3295: result: a.out
configure:3301: checking for suffix of executables
configure:3308: gcc -o conftest    conftest.c  >&5
configure:3312: $? = 0
configure:3334: result: 
configure:3356: checking whether we are cross compiling
configure:3364: gcc -o conftest    conftest.c  >&5
configure:3368: $? = 0
configure:3375: ./conftest
configure:3379: $? = 0
configure:3394: result: no
configure:3399: checking for suffix of object files
configure:3421: gcc -c   conftest.c >&5
configure:3425: $? = 0
configure:3446: result: o
configure:3450: checking whether we are using the GNU C compiler
configure:3469: gcc -c   conftest.c >&5
configure:3469: $? = 0
configure:3478: result: yes
configure:3487: checking whether gcc accepts -g
configure:3507: gcc -c -g  conftest.c >&5
configure:3507: $? = 0
configure:3548: result: yes
configure:3565: checking for gcc option to accept ISO C89
configure:3629: gcc  -c -g -O2  conftest.c >&5
configure:3629: $? = 0
configure:3642: result: none needed
configure:3673: checking for style of include used by make
configure:3701: result: GNU
configure:3726: checking dependency style of gcc
configure:3836: result: gcc3
configure:3851: checking whether make sets $(MAKE)
configure:3873: result: yes
configure:3912: checking build system type
configure:3926: result: x86_64-apple-darwin18.2.0
configure:3946: checking host system type
configure:3959: result: x86_64-apple-darwin18.2.0
configure:3979: checking for a sed that does not truncate output
configure:4043: result: /usr/bin/sed
configure:4061: checking for grep that handles long lines and -e
configure:4119: result: /usr/bin/grep
configure:4124: checking for egrep
configure:4186: result: /usr/bin/grep -E
configure:4191: checking for fgrep
configure:4253: result: /usr/bin/grep -F
configure:4288: checking for ld used by gcc
configure:4355: result: /Applications/Xcode.app/Contents/Developer/Toolchains/XcodeDefault.xctoolchain/usr/bin/ld
configure:4362: checking if the linker (/Applications/Xcode.app/Contents/Developer/Toolchains/XcodeDefault.xctoolchain/usr/bin/ld) is GNU ld
configure:4377: result: no
configure:4389: checking for BSD- or MS-compatible name lister (nm)
configure:4438: result: /usr/bin/nm -B
configure:4556: checking the name lister (/usr/bin/nm -B) interface
configure:4563: gcc -c -g -O2  conftest.c >&5
configure:4566: /usr/bin/nm -B "conftest.o"
configure:4569: output
00000000000001dc S _some_variable
configure:4576: result: BSD nm
configure:4579: checking whether ln -s works
configure:4583: result: yes
configure:4591: checking the maximum length of command line arguments
configure:4711: result: 196608
configure:4728: checking whether the shell understands some XSI constructs
configure:4738: result: yes
configure:4742: checking whether the shell understands "+="
configure:4748: result: yes
configure:4783: checking for /Applications/Xcode.app/Contents/Developer/Toolchains/XcodeDefault.xctoolchain/usr/bin/ld option to reload object files
configure:4790: result: -r
configure:4859: checking for objdump
configure:4875: found /usr/bin/objdump
configure:4886: result: objdump
configure:4918: checking how to recognize dependent libraries
configure:5114: result: pass_all
configure:5174: checking for ar
configure:5190: found /usr/bin/ar
configure:5201: result: ar
configure:5279: checking for strip
configure:5295: found /usr/bin/strip
configure:5306: result: strip
configure:5378: checking for ranlib
configure:5394: found /usr/bin/ranlib
configure:5405: result: ranlib
configure:5495: checking command to parse /usr/bin/nm -B output from gcc object
configure:5613: gcc -c -g -O2  conftest.c >&5
configure:5616: $? = 0
configure:5620: /usr/bin/nm -B conftest.o \| sed -n -e 's/^.*[	 ]\([BCDEGRST][BCDEGRST]*\)[	 ][	 ]*\([_A-Za-z][_A-Za-z0-9]*\)$/\1 \2 \2/p' \> conftest.nm
configure:5623: $? = 0
cannot find nm_test_var in conftest.nm
configure:5613: gcc -c -g -O2  conftest.c >&5
configure:5616: $? = 0
configure:5620: /usr/bin/nm -B conftest.o \| sed -n -e 's/^.*[	 ]\([BCDEGRST][BCDEGRST]*\)[	 ][	 ]*_\([_A-Za-z][_A-Za-z0-9]*\)$/\1 _\2 \2/p' \> conftest.nm
configure:5623: $? = 0
configure:5677: gcc -o conftest -g -O2   conftest.c conftstm.o >&5
warning: (x86_64)  could not find object file symbol for symbol _main
configure:5680: $? = 0
configure:5718: result: ok
configure:5983: checking for dsymutil
configure:5999: found /usr/bin/dsymutil
configure:6010: result: dsymutil
configure:6075: checking for nmedit
configure:6091: found /usr/bin/nmedit
configure:6102: result: nmedit
configure:6167: checking for lipo
configure:6183: found /usr/bin/lipo
configure:6194: result: lipo
configure:6259: checking for otool
configure:6275: found /usr/bin/otool
configure:6286: result: otool
configure:6351: checking for otool64
configure:6381: result: no
configure:6426: checking for -single_module linker flag
gcc -g -O2  -o libconftest.dylib -dynamiclib -Wl,-single_module conftest.c
configure:6453: result: yes
configure:6455: checking for -exported_symbols_list linker flag
configure:6475: gcc -o conftest -g -O2   -Wl,-exported_symbols_list,conftest.sym conftest.c  >&5
configure:6475: $? = 0
configure:6485: result: yes
configure:6527: checking how to run the C preprocessor
configure:6558: gcc -E  conftest.c
configure:6558: $? = 0
configure:6572: gcc -E  conftest.c
conftest.c:11:10: fatal error: 'ac_nonexistent.h' file not found
#include <ac_nonexistent.h>
         ^~~~~~~~~~~~~~~~~~
1 error generated.
configure:6572: $? = 1
configure: failed program was:
| /* confdefs.h */
| #define PACKAGE_NAME "juman"
| #define PACKAGE_TARNAME "juman"
| #define PACKAGE_VERSION "7.01"
| #define PACKAGE_STRING "juman 7.01"
| #define PACKAGE_BUGREPORT "nl-resource@nlp.ist.i.kyoto-u.ac.jp"
| #define PACKAGE_URL ""
| #define PACKAGE "juman"
| #define VERSION "7.01"
| /* end confdefs.h.  */
| #include <ac_nonexistent.h>
configure:6597: result: gcc -E
configure:6617: gcc -E  conftest.c
configure:6617: $? = 0
configure:6631: gcc -E  conftest.c
conftest.c:11:10: fatal error: 'ac_nonexistent.h' file not found
#include <ac_nonexistent.h>
         ^~~~~~~~~~~~~~~~~~
1 error generated.
configure:6631: $? = 1
configure: failed program was:
| /* confdefs.h */
| #define PACKAGE_NAME "juman"
| #define PACKAGE_TARNAME "juman"
| #define PACKAGE_VERSION "7.01"
| #define PACKAGE_STRING "juman 7.01"
| #define PACKAGE_BUGREPORT "nl-resource@nlp.ist.i.kyoto-u.ac.jp"
| #define PACKAGE_URL ""
| #define PACKAGE "juman"
| #define VERSION "7.01"
| /* end confdefs.h.  */
| #include <ac_nonexistent.h>
configure:6660: checking for ANSI C header files
configure:6680: gcc -c -g -O2  conftest.c >&5
configure:6680: $? = 0
configure:6753: gcc -o conftest -g -O2   conftest.c  >&5
configure:6753: $? = 0
configure:6753: ./conftest
configure:6753: $? = 0
configure:6764: result: yes
configure:6777: checking for sys/types.h
configure:6777: gcc -c -g -O2  conftest.c >&5
configure:6777: $? = 0
configure:6777: result: yes
configure:6777: checking for sys/stat.h
configure:6777: gcc -c -g -O2  conftest.c >&5
configure:6777: $? = 0
configure:6777: result: yes
configure:6777: checking for stdlib.h
configure:6777: gcc -c -g -O2  conftest.c >&5
configure:6777: $? = 0
configure:6777: result: yes
configure:6777: checking for string.h
configure:6777: gcc -c -g -O2  conftest.c >&5
configure:6777: $? = 0
configure:6777: result: yes
configure:6777: checking for memory.h
configure:6777: gcc -c -g -O2  conftest.c >&5
configure:6777: $? = 0
configure:6777: result: yes
configure:6777: checking for strings.h
configure:6777: gcc -c -g -O2  conftest.c >&5
configure:6777: $? = 0
configure:6777: result: yes
configure:6777: checking for inttypes.h
configure:6777: gcc -c -g -O2  conftest.c >&5
configure:6777: $? = 0
configure:6777: result: yes
configure:6777: checking for stdint.h
configure:6777: gcc -c -g -O2  conftest.c >&5
configure:6777: $? = 0
configure:6777: result: yes
configure:6777: checking for unistd.h
configure:6777: gcc -c -g -O2  conftest.c >&5
configure:6777: $? = 0
configure:6777: result: yes
configure:6792: checking for dlfcn.h
configure:6792: gcc -c -g -O2  conftest.c >&5
configure:6792: $? = 0
configure:6792: result: yes
configure:6976: checking for objdir
configure:6991: result: .libs
configure:7283: checking if gcc supports -fno-rtti -fno-exceptions
configure:7301: gcc -c -g -O2  -fno-rtti -fno-exceptions conftest.c >&5
configure:7305: $? = 0
configure:7318: result: yes
configure:7338: checking for gcc option to produce PIC
configure:7610: result: -fno-common -DPIC
configure:7622: checking if gcc PIC flag -fno-common -DPIC works
configure:7640: gcc -c -g -O2  -fno-common -DPIC -DPIC conftest.c >&5
configure:7644: $? = 0
configure:7657: result: yes
configure:7681: checking if gcc static flag -static works
configure:7709: result: no
configure:7724: checking if gcc supports -c -o file.o
configure:7745: gcc -c -g -O2  -o out/conftest2.o conftest.c >&5
configure:7749: $? = 0
configure:7771: result: yes
configure:7779: checking if gcc supports -c -o file.o
configure:7826: result: yes
configure:7859: checking whether the gcc linker (/Applications/Xcode.app/Contents/Developer/Toolchains/XcodeDefault.xctoolchain/usr/bin/ld) supports shared libraries
configure:8845: result: yes
configure:9084: checking dynamic linker characteristics
configure:9735: result: darwin18.2.0 dyld
configure:9837: checking how to hardcode library paths into programs
configure:9862: result: immediate
configure:10382: checking whether stripping libraries is possible
configure:10396: result: yes
configure:10422: checking if libtool supports shared libraries
configure:10424: result: yes
configure:10427: checking whether to build shared libraries
configure:10448: result: yes
configure:10451: checking whether to build static libraries
configure:10455: result: yes
configure:10495: checking for socket in -lsocket
configure:10520: gcc -o conftest -g -O2   conftest.c -lsocket   >&5
ld: library not found for -lsocket
clang: error: linker command failed with exit code 1 (use -v to see invocation)
configure:10520: $? = 1
configure: failed program was:
| /* confdefs.h */
| #define PACKAGE_NAME "juman"
| #define PACKAGE_TARNAME "juman"
| #define PACKAGE_VERSION "7.01"
| #define PACKAGE_STRING "juman 7.01"
| #define PACKAGE_BUGREPORT "nl-resource@nlp.ist.i.kyoto-u.ac.jp"
| #define PACKAGE_URL ""
| #define PACKAGE "juman"
| #define VERSION "7.01"
| #define STDC_HEADERS 1
| #define HAVE_SYS_TYPES_H 1
| #define HAVE_SYS_STAT_H 1
| #define HAVE_STDLIB_H 1
| #define HAVE_STRING_H 1
| #define HAVE_MEMORY_H 1
| #define HAVE_STRINGS_H 1
| #define HAVE_INTTYPES_H 1
| #define HAVE_STDINT_H 1
| #define HAVE_UNISTD_H 1
| #define HAVE_DLFCN_H 1
| #define LT_OBJDIR ".libs/"
| /* end confdefs.h.  */
| 
| /* Override any GCC internal prototype to avoid an error.
|    Use char because int might match the return type of a GCC
|    builtin and then its argument prototype would still apply.  */
| #ifdef __cplusplus
| extern "C"
| #endif
| char socket ();
| int
| main ()
| {
| return socket ();
|   ;
|   return 0;
| }
configure:10529: result: no
configure:10535: checking for gethostbyname in -lnsl
configure:10560: gcc -o conftest -g -O2   conftest.c -lnsl   >&5
ld: library not found for -lnsl
clang: error: linker command failed with exit code 1 (use -v to see invocation)
configure:10560: $? = 1
configure: failed program was:
| /* confdefs.h */
| #define PACKAGE_NAME "juman"
| #define PACKAGE_TARNAME "juman"
| #define PACKAGE_VERSION "7.01"
| #define PACKAGE_STRING "juman 7.01"
| #define PACKAGE_BUGREPORT "nl-resource@nlp.ist.i.kyoto-u.ac.jp"
| #define PACKAGE_URL ""
| #define PACKAGE "juman"
| #define VERSION "7.01"
| #define STDC_HEADERS 1
| #define HAVE_SYS_TYPES_H 1
| #define HAVE_SYS_STAT_H 1
| #define HAVE_STDLIB_H 1
| #define HAVE_STRING_H 1
| #define HAVE_MEMORY_H 1
| #define HAVE_STRINGS_H 1
| #define HAVE_INTTYPES_H 1
| #define HAVE_STDINT_H 1
| #define HAVE_UNISTD_H 1
| #define HAVE_DLFCN_H 1
| #define LT_OBJDIR ".libs/"
| /* end confdefs.h.  */
| 
| /* Override any GCC internal prototype to avoid an error.
|    Use char because int might match the return type of a GCC
|    builtin and then its argument prototype would still apply.  */
| #ifdef __cplusplus
| extern "C"
| #endif
| char gethostbyname ();
| int
| main ()
| {
| return gethostbyname ();
|   ;
|   return 0;
| }
configure:10569: result: no
configure:10578: checking for ANSI C header files
configure:10682: result: yes
configure:10690: checking for sys/wait.h that is POSIX.1 compatible
configure:10716: gcc -c -g -O2  conftest.c >&5
configure:10716: $? = 0
configure:10723: result: yes
configure:10734: checking arpa/inet.h usability
configure:10734: gcc -c -g -O2  conftest.c >&5
configure:10734: $? = 0
configure:10734: result: yes
configure:10734: checking arpa/inet.h presence
configure:10734: gcc -E  conftest.c
configure:10734: $? = 0
configure:10734: result: yes
configure:10734: checking for arpa/inet.h
configure:10734: result: yes
configure:10734: checking fcntl.h usability
configure:10734: gcc -c -g -O2  conftest.c >&5
configure:10734: $? = 0
configure:10734: result: yes
configure:10734: checking fcntl.h presence
configure:10734: gcc -E  conftest.c
configure:10734: $? = 0
configure:10734: result: yes
configure:10734: checking for fcntl.h
configure:10734: result: yes
configure:10734: checking limits.h usability
configure:10734: gcc -c -g -O2  conftest.c >&5
configure:10734: $? = 0
configure:10734: result: yes
configure:10734: checking limits.h presence
configure:10734: gcc -E  conftest.c
configure:10734: $? = 0
configure:10734: result: yes
configure:10734: checking for limits.h
configure:10734: result: yes
configure:10734: checking netdb.h usability
configure:10734: gcc -c -g -O2  conftest.c >&5
configure:10734: $? = 0
configure:10734: result: yes
configure:10734: checking netdb.h presence
configure:10734: gcc -E  conftest.c
configure:10734: $? = 0
configure:10734: result: yes
configure:10734: checking for netdb.h
configure:10734: result: yes
configure:10734: checking netinet/in.h usability
configure:10734: gcc -c -g -O2  conftest.c >&5
configure:10734: $? = 0
configure:10734: result: yes
configure:10734: checking netinet/in.h presence
configure:10734: gcc -E  conftest.c
configure:10734: $? = 0
configure:10734: result: yes
configure:10734: checking for netinet/in.h
configure:10734: result: yes
configure:10734: checking stdio.h usability
configure:10734: gcc -c -g -O2  conftest.c >&5
configure:10734: $? = 0
configure:10734: result: yes
configure:10734: checking stdio.h presence
configure:10734: gcc -E  conftest.c
configure:10734: $? = 0
configure:10734: result: yes
configure:10734: checking for stdio.h
configure:10734: result: yes
configure:10734: checking for stdlib.h
configure:10734: result: yes
configure:10734: checking for string.h
configure:10734: result: yes
configure:10734: checking regex.h usability
configure:10734: gcc -c -g -O2  conftest.c >&5
configure:10734: $? = 0
configure:10734: result: yes
configure:10734: checking regex.h presence
configure:10734: gcc -E  conftest.c
configure:10734: $? = 0
configure:10734: result: yes
configure:10734: checking for regex.h
configure:10734: result: yes
configure:10734: checking sys/file.h usability
configure:10734: gcc -c -g -O2  conftest.c >&5
configure:10734: $? = 0
configure:10734: result: yes
configure:10734: checking sys/file.h presence
configure:10734: gcc -E  conftest.c
configure:10734: $? = 0
configure:10734: result: yes
configure:10734: checking for sys/file.h
configure:10734: result: yes
configure:10734: checking sys/socket.h usability
configure:10734: gcc -c -g -O2  conftest.c >&5
configure:10734: $? = 0
configure:10734: result: yes
configure:10734: checking sys/socket.h presence
configure:10734: gcc -E  conftest.c
configure:10734: $? = 0
configure:10734: result: yes
configure:10734: checking for sys/socket.h
configure:10734: result: yes
configure:10734: checking for unistd.h
configure:10734: result: yes
configure:10734: checking windows.h usability
configure:10734: gcc -c -g -O2  conftest.c >&5
conftest.c:70:10: fatal error: 'windows.h' file not found
#include <windows.h>
         ^~~~~~~~~~~
1 error generated.
configure:10734: $? = 1
configure: failed program was:
| /* confdefs.h */
| #define PACKAGE_NAME "juman"
| #define PACKAGE_TARNAME "juman"
| #define PACKAGE_VERSION "7.01"
| #define PACKAGE_STRING "juman 7.01"
| #define PACKAGE_BUGREPORT "nl-resource@nlp.ist.i.kyoto-u.ac.jp"
| #define PACKAGE_URL ""
| #define PACKAGE "juman"
| #define VERSION "7.01"
| #define STDC_HEADERS 1
| #define HAVE_SYS_TYPES_H 1
| #define HAVE_SYS_STAT_H 1
| #define HAVE_STDLIB_H 1
| #define HAVE_STRING_H 1
| #define HAVE_MEMORY_H 1
| #define HAVE_STRINGS_H 1
| #define HAVE_INTTYPES_H 1
| #define HAVE_STDINT_H 1
| #define HAVE_UNISTD_H 1
| #define HAVE_DLFCN_H 1
| #define LT_OBJDIR ".libs/"
| #define STDC_HEADERS 1
| #define HAVE_SYS_WAIT_H 1
| #define HAVE_ARPA_INET_H 1
| #define HAVE_FCNTL_H 1
| #define HAVE_LIMITS_H 1
| #define HAVE_NETDB_H 1
| #define HAVE_NETINET_IN_H 1
| #define HAVE_STDIO_H 1
| #define HAVE_STDLIB_H 1
| #define HAVE_STRING_H 1
| #define HAVE_REGEX_H 1
| #define HAVE_SYS_FILE_H 1
| #define HAVE_SYS_SOCKET_H 1
| #define HAVE_UNISTD_H 1
| /* end confdefs.h.  */
| #include <stdio.h>
| #ifdef HAVE_SYS_TYPES_H
| # include <sys/types.h>
| #endif
| #ifdef HAVE_SYS_STAT_H
| # include <sys/stat.h>
| #endif
| #ifdef STDC_HEADERS
| # include <stdlib.h>
| # include <stddef.h>
| #else
| # ifdef HAVE_STDLIB_H
| #  include <stdlib.h>
| # endif
| #endif
| #ifdef HAVE_STRING_H
| # if !defined STDC_HEADERS && defined HAVE_MEMORY_H
| #  include <memory.h>
| # endif
| # include <string.h>
| #endif
| #ifdef HAVE_STRINGS_H
| # include <strings.h>
| #endif
| #ifdef HAVE_INTTYPES_H
| # include <inttypes.h>
| #endif
| #ifdef HAVE_STDINT_H
| # include <stdint.h>
| #endif
| #ifdef HAVE_UNISTD_H
| # include <unistd.h>
| #endif
| #include <windows.h>
configure:10734: result: no
configure:10734: checking windows.h presence
configure:10734: gcc -E  conftest.c
conftest.c:37:10: fatal error: 'windows.h' file not found
#include <windows.h>
         ^~~~~~~~~~~
1 error generated.
configure:10734: $? = 1
configure: failed program was:
| /* confdefs.h */
| #define PACKAGE_NAME "juman"
| #define PACKAGE_TARNAME "juman"
| #define PACKAGE_VERSION "7.01"
| #define PACKAGE_STRING "juman 7.01"
| #define PACKAGE_BUGREPORT "nl-resource@nlp.ist.i.kyoto-u.ac.jp"
| #define PACKAGE_URL ""
| #define PACKAGE "juman"
| #define VERSION "7.01"
| #define STDC_HEADERS 1
| #define HAVE_SYS_TYPES_H 1
| #define HAVE_SYS_STAT_H 1
| #define HAVE_STDLIB_H 1
| #define HAVE_STRING_H 1
| #define HAVE_MEMORY_H 1
| #define HAVE_STRINGS_H 1
| #define HAVE_INTTYPES_H 1
| #define HAVE_STDINT_H 1
| #define HAVE_UNISTD_H 1
| #define HAVE_DLFCN_H 1
| #define LT_OBJDIR ".libs/"
| #define STDC_HEADERS 1
| #define HAVE_SYS_WAIT_H 1
| #define HAVE_ARPA_INET_H 1
| #define HAVE_FCNTL_H 1
| #define HAVE_LIMITS_H 1
| #define HAVE_NETDB_H 1
| #define HAVE_NETINET_IN_H 1
| #define HAVE_STDIO_H 1
| #define HAVE_STDLIB_H 1
| #define HAVE_STRING_H 1
| #define HAVE_REGEX_H 1
| #define HAVE_SYS_FILE_H 1
| #define HAVE_SYS_SOCKET_H 1
| #define HAVE_UNISTD_H 1
| /* end confdefs.h.  */
| #include <windows.h>
configure:10734: result: no
configure:10734: checking for windows.h
configure:10734: result: no
configure:10734: checking winsock2.h usability
configure:10734: gcc -c -g -O2  conftest.c >&5
conftest.c:70:10: fatal error: 'winsock2.h' file not found
#include <winsock2.h>
         ^~~~~~~~~~~~
1 error generated.
configure:10734: $? = 1
configure: failed program was:
| /* confdefs.h */
| #define PACKAGE_NAME "juman"
| #define PACKAGE_TARNAME "juman"
| #define PACKAGE_VERSION "7.01"
| #define PACKAGE_STRING "juman 7.01"
| #define PACKAGE_BUGREPORT "nl-resource@nlp.ist.i.kyoto-u.ac.jp"
| #define PACKAGE_URL ""
| #define PACKAGE "juman"
| #define VERSION "7.01"
| #define STDC_HEADERS 1
| #define HAVE_SYS_TYPES_H 1
| #define HAVE_SYS_STAT_H 1
| #define HAVE_STDLIB_H 1
| #define HAVE_STRING_H 1
| #define HAVE_MEMORY_H 1
| #define HAVE_STRINGS_H 1
| #define HAVE_INTTYPES_H 1
| #define HAVE_STDINT_H 1
| #define HAVE_UNISTD_H 1
| #define HAVE_DLFCN_H 1
| #define LT_OBJDIR ".libs/"
| #define STDC_HEADERS 1
| #define HAVE_SYS_WAIT_H 1
| #define HAVE_ARPA_INET_H 1
| #define HAVE_FCNTL_H 1
| #define HAVE_LIMITS_H 1
| #define HAVE_NETDB_H 1
| #define HAVE_NETINET_IN_H 1
| #define HAVE_STDIO_H 1
| #define HAVE_STDLIB_H 1
| #define HAVE_STRING_H 1
| #define HAVE_REGEX_H 1
| #define HAVE_SYS_FILE_H 1
| #define HAVE_SYS_SOCKET_H 1
| #define HAVE_UNISTD_H 1
| /* end confdefs.h.  */
| #include <stdio.h>
| #ifdef HAVE_SYS_TYPES_H
| # include <sys/types.h>
| #endif
| #ifdef HAVE_SYS_STAT_H
| # include <sys/stat.h>
| #endif
| #ifdef STDC_HEADERS
| # include <stdlib.h>
| # include <stddef.h>
| #else
| # ifdef HAVE_STDLIB_H
| #  include <stdlib.h>
| # endif
| #endif
| #ifdef HAVE_STRING_H
| # if !defined STDC_HEADERS && defined HAVE_MEMORY_H
| #  include <memory.h>
| # endif
| # include <string.h>
| #endif
| #ifdef HAVE_STRINGS_H
| # include <strings.h>
| #endif
| #ifdef HAVE_INTTYPES_H
| # include <inttypes.h>
| #endif
| #ifdef HAVE_STDINT_H
| # include <stdint.h>
| #endif
| #ifdef HAVE_UNISTD_H
| # include <unistd.h>
| #endif
| #include <winsock2.h>
configure:10734: result: no
configure:10734: checking winsock2.h presence
configure:10734: gcc -E  conftest.c
conftest.c:37:10: fatal error: 'winsock2.h' file not found
#include <winsock2.h>
         ^~~~~~~~~~~~
1 error generated.
configure:10734: $? = 1
configure: failed program was:
| /* confdefs.h */
| #define PACKAGE_NAME "juman"
| #define PACKAGE_TARNAME "juman"
| #define PACKAGE_VERSION "7.01"
| #define PACKAGE_STRING "juman 7.01"
| #define PACKAGE_BUGREPORT "nl-resource@nlp.ist.i.kyoto-u.ac.jp"
| #define PACKAGE_URL ""
| #define PACKAGE "juman"
| #define VERSION "7.01"
| #define STDC_HEADERS 1
| #define HAVE_SYS_TYPES_H 1
| #define HAVE_SYS_STAT_H 1
| #define HAVE_STDLIB_H 1
| #define HAVE_STRING_H 1
| #define HAVE_MEMORY_H 1
| #define HAVE_STRINGS_H 1
| #define HAVE_INTTYPES_H 1
| #define HAVE_STDINT_H 1
| #define HAVE_UNISTD_H 1
| #define HAVE_DLFCN_H 1
| #define LT_OBJDIR ".libs/"
| #define STDC_HEADERS 1
| #define HAVE_SYS_WAIT_H 1
| #define HAVE_ARPA_INET_H 1
| #define HAVE_FCNTL_H 1
| #define HAVE_LIMITS_H 1
| #define HAVE_NETDB_H 1
| #define HAVE_NETINET_IN_H 1
| #define HAVE_STDIO_H 1
| #define HAVE_STDLIB_H 1
| #define HAVE_STRING_H 1
| #define HAVE_REGEX_H 1
| #define HAVE_SYS_FILE_H 1
| #define HAVE_SYS_SOCKET_H 1
| #define HAVE_UNISTD_H 1
| /* end confdefs.h.  */
| #include <winsock2.h>
configure:10734: result: no
configure:10734: checking for winsock2.h
configure:10734: result: no
configure:10746: checking for winsock2.h
configure:10746: result: no
configure:10754: checking for an ANSI C-conforming const
configure:10819: gcc -c -g -O2  conftest.c >&5
configure:10819: $? = 0
configure:10826: result: yes
configure:10834: checking for off_t
configure:10834: gcc -c -g -O2  conftest.c >&5
configure:10834: $? = 0
configure:10834: gcc -c -g -O2  conftest.c >&5
conftest.c:73:20: error: expected expression
if (sizeof ((off_t)))
                   ^
1 error generated.
configure:10834: $? = 1
configure: failed program was:
| /* confdefs.h */
| #define PACKAGE_NAME "juman"
| #define PACKAGE_TARNAME "juman"
| #define PACKAGE_VERSION "7.01"
| #define PACKAGE_STRING "juman 7.01"
| #define PACKAGE_BUGREPORT "nl-resource@nlp.ist.i.kyoto-u.ac.jp"
| #define PACKAGE_URL ""
| #define PACKAGE "juman"
| #define VERSION "7.01"
| #define STDC_HEADERS 1
| #define HAVE_SYS_TYPES_H 1
| #define HAVE_SYS_STAT_H 1
| #define HAVE_STDLIB_H 1
| #define HAVE_STRING_H 1
| #define HAVE_MEMORY_H 1
| #define HAVE_STRINGS_H 1
| #define HAVE_INTTYPES_H 1
| #define HAVE_STDINT_H 1
| #define HAVE_UNISTD_H 1
| #define HAVE_DLFCN_H 1
| #define LT_OBJDIR ".libs/"
| #define STDC_HEADERS 1
| #define HAVE_SYS_WAIT_H 1
| #define HAVE_ARPA_INET_H 1
| #define HAVE_FCNTL_H 1
| #define HAVE_LIMITS_H 1
| #define HAVE_NETDB_H 1
| #define HAVE_NETINET_IN_H 1
| #define HAVE_STDIO_H 1
| #define HAVE_STDLIB_H 1
| #define HAVE_STRING_H 1
| #define HAVE_REGEX_H 1
| #define HAVE_SYS_FILE_H 1
| #define HAVE_SYS_SOCKET_H 1
| #define HAVE_UNISTD_H 1
| /* end confdefs.h.  */
| #include <stdio.h>
| #ifdef HAVE_SYS_TYPES_H
| # include <sys/types.h>
| #endif
| #ifdef HAVE_SYS_STAT_H
| # include <sys/stat.h>
| #endif
| #ifdef STDC_HEADERS
| # include <stdlib.h>
| # include <stddef.h>
| #else
| # ifdef HAVE_STDLIB_H
| #  include <stdlib.h>
| # endif
| #endif
| #ifdef HAVE_STRING_H
| # if !defined STDC_HEADERS && defined HAVE_MEMORY_H
| #  include <memory.h>
| # endif
| # include <string.h>
| #endif
| #ifdef HAVE_STRINGS_H
| # include <strings.h>
| #endif
| #ifdef HAVE_INTTYPES_H
| # include <inttypes.h>
| #endif
| #ifdef HAVE_STDINT_H
| # include <stdint.h>
| #endif
| #ifdef HAVE_UNISTD_H
| # include <unistd.h>
| #endif
| int
| main ()
| {
| if (sizeof ((off_t)))
| 	    return 0;
|   ;
|   return 0;
| }
configure:10834: result: yes
configure:10845: checking whether struct tm is in sys/time.h or time.h
configure:10865: gcc -c -g -O2  conftest.c >&5
configure:10865: $? = 0
configure:10872: result: time.h
configure:10882: checking for error_at_line
configure:10898: gcc -o conftest -g -O2   conftest.c  >&5
conftest.c:37:10: fatal error: 'error.h' file not found
#include <error.h>
         ^~~~~~~~~
1 error generated.
configure:10898: $? = 1
configure: failed program was:
| /* confdefs.h */
| #define PACKAGE_NAME "juman"
| #define PACKAGE_TARNAME "juman"
| #define PACKAGE_VERSION "7.01"
| #define PACKAGE_STRING "juman 7.01"
| #define PACKAGE_BUGREPORT "nl-resource@nlp.ist.i.kyoto-u.ac.jp"
| #define PACKAGE_URL ""
| #define PACKAGE "juman"
| #define VERSION "7.01"
| #define STDC_HEADERS 1
| #define HAVE_SYS_TYPES_H 1
| #define HAVE_SYS_STAT_H 1
| #define HAVE_STDLIB_H 1
| #define HAVE_STRING_H 1
| #define HAVE_MEMORY_H 1
| #define HAVE_STRINGS_H 1
| #define HAVE_INTTYPES_H 1
| #define HAVE_STDINT_H 1
| #define HAVE_UNISTD_H 1
| #define HAVE_DLFCN_H 1
| #define LT_OBJDIR ".libs/"
| #define STDC_HEADERS 1
| #define HAVE_SYS_WAIT_H 1
| #define HAVE_ARPA_INET_H 1
| #define HAVE_FCNTL_H 1
| #define HAVE_LIMITS_H 1
| #define HAVE_NETDB_H 1
| #define HAVE_NETINET_IN_H 1
| #define HAVE_STDIO_H 1
| #define HAVE_STDLIB_H 1
| #define HAVE_STRING_H 1
| #define HAVE_REGEX_H 1
| #define HAVE_SYS_FILE_H 1
| #define HAVE_SYS_SOCKET_H 1
| #define HAVE_UNISTD_H 1
| /* end confdefs.h.  */
| #include <error.h>
| int
| main ()
| {
| error_at_line (0, 0, "", 0, "an error occurred");
|   ;
|   return 0;
| }
configure:10906: result: no
configure:10917: checking for pid_t
configure:10917: gcc -c -g -O2  conftest.c >&5
configure:10917: $? = 0
configure:10917: gcc -c -g -O2  conftest.c >&5
conftest.c:73:20: error: expected expression
if (sizeof ((pid_t)))
                   ^
1 error generated.
configure:10917: $? = 1
configure: failed program was:
| /* confdefs.h */
| #define PACKAGE_NAME "juman"
| #define PACKAGE_TARNAME "juman"
| #define PACKAGE_VERSION "7.01"
| #define PACKAGE_STRING "juman 7.01"
| #define PACKAGE_BUGREPORT "nl-resource@nlp.ist.i.kyoto-u.ac.jp"
| #define PACKAGE_URL ""
| #define PACKAGE "juman"
| #define VERSION "7.01"
| #define STDC_HEADERS 1
| #define HAVE_SYS_TYPES_H 1
| #define HAVE_SYS_STAT_H 1
| #define HAVE_STDLIB_H 1
| #define HAVE_STRING_H 1
| #define HAVE_MEMORY_H 1
| #define HAVE_STRINGS_H 1
| #define HAVE_INTTYPES_H 1
| #define HAVE_STDINT_H 1
| #define HAVE_UNISTD_H 1
| #define HAVE_DLFCN_H 1
| #define LT_OBJDIR ".libs/"
| #define STDC_HEADERS 1
| #define HAVE_SYS_WAIT_H 1
| #define HAVE_ARPA_INET_H 1
| #define HAVE_FCNTL_H 1
| #define HAVE_LIMITS_H 1
| #define HAVE_NETDB_H 1
| #define HAVE_NETINET_IN_H 1
| #define HAVE_STDIO_H 1
| #define HAVE_STDLIB_H 1
| #define HAVE_STRING_H 1
| #define HAVE_REGEX_H 1
| #define HAVE_SYS_FILE_H 1
| #define HAVE_SYS_SOCKET_H 1
| #define HAVE_UNISTD_H 1
| /* end confdefs.h.  */
| #include <stdio.h>
| #ifdef HAVE_SYS_TYPES_H
| # include <sys/types.h>
| #endif
| #ifdef HAVE_SYS_STAT_H
| # include <sys/stat.h>
| #endif
| #ifdef STDC_HEADERS
| # include <stdlib.h>
| # include <stddef.h>
| #else
| # ifdef HAVE_STDLIB_H
| #  include <stdlib.h>
| # endif
| #endif
| #ifdef HAVE_STRING_H
| # if !defined STDC_HEADERS && defined HAVE_MEMORY_H
| #  include <memory.h>
| # endif
| # include <string.h>
| #endif
| #ifdef HAVE_STRINGS_H
| # include <strings.h>
| #endif
| #ifdef HAVE_INTTYPES_H
| # include <inttypes.h>
| #endif
| #ifdef HAVE_STDINT_H
| # include <stdint.h>
| #endif
| #ifdef HAVE_UNISTD_H
| # include <unistd.h>
| #endif
| int
| main ()
| {
| if (sizeof ((pid_t)))
| 	    return 0;
|   ;
|   return 0;
| }
configure:10917: result: yes
configure:10930: checking vfork.h usability
configure:10930: gcc -c -g -O2  conftest.c >&5
conftest.c:70:10: fatal error: 'vfork.h' file not found
#include <vfork.h>
         ^~~~~~~~~
1 error generated.
configure:10930: $? = 1
configure: failed program was:
| /* confdefs.h */
| #define PACKAGE_NAME "juman"
| #define PACKAGE_TARNAME "juman"
| #define PACKAGE_VERSION "7.01"
| #define PACKAGE_STRING "juman 7.01"
| #define PACKAGE_BUGREPORT "nl-resource@nlp.ist.i.kyoto-u.ac.jp"
| #define PACKAGE_URL ""
| #define PACKAGE "juman"
| #define VERSION "7.01"
| #define STDC_HEADERS 1
| #define HAVE_SYS_TYPES_H 1
| #define HAVE_SYS_STAT_H 1
| #define HAVE_STDLIB_H 1
| #define HAVE_STRING_H 1
| #define HAVE_MEMORY_H 1
| #define HAVE_STRINGS_H 1
| #define HAVE_INTTYPES_H 1
| #define HAVE_STDINT_H 1
| #define HAVE_UNISTD_H 1
| #define HAVE_DLFCN_H 1
| #define LT_OBJDIR ".libs/"
| #define STDC_HEADERS 1
| #define HAVE_SYS_WAIT_H 1
| #define HAVE_ARPA_INET_H 1
| #define HAVE_FCNTL_H 1
| #define HAVE_LIMITS_H 1
| #define HAVE_NETDB_H 1
| #define HAVE_NETINET_IN_H 1
| #define HAVE_STDIO_H 1
| #define HAVE_STDLIB_H 1
| #define HAVE_STRING_H 1
| #define HAVE_REGEX_H 1
| #define HAVE_SYS_FILE_H 1
| #define HAVE_SYS_SOCKET_H 1
| #define HAVE_UNISTD_H 1
| /* end confdefs.h.  */
| #include <stdio.h>
| #ifdef HAVE_SYS_TYPES_H
| # include <sys/types.h>
| #endif
| #ifdef HAVE_SYS_STAT_H
| # include <sys/stat.h>
| #endif
| #ifdef STDC_HEADERS
| # include <stdlib.h>
| # include <stddef.h>
| #else
| # ifdef HAVE_STDLIB_H
| #  include <stdlib.h>
| # endif
| #endif
| #ifdef HAVE_STRING_H
| # if !defined STDC_HEADERS && defined HAVE_MEMORY_H
| #  include <memory.h>
| # endif
| # include <string.h>
| #endif
| #ifdef HAVE_STRINGS_H
| # include <strings.h>
| #endif
| #ifdef HAVE_INTTYPES_H
| # include <inttypes.h>
| #endif
| #ifdef HAVE_STDINT_H
| # include <stdint.h>
| #endif
| #ifdef HAVE_UNISTD_H
| # include <unistd.h>
| #endif
| #include <vfork.h>
configure:10930: result: no
configure:10930: checking vfork.h presence
configure:10930: gcc -E  conftest.c
conftest.c:37:10: fatal error: 'vfork.h' file not found
#include <vfork.h>
         ^~~~~~~~~
1 error generated.
configure:10930: $? = 1
configure: failed program was:
| /* confdefs.h */
| #define PACKAGE_NAME "juman"
| #define PACKAGE_TARNAME "juman"
| #define PACKAGE_VERSION "7.01"
| #define PACKAGE_STRING "juman 7.01"
| #define PACKAGE_BUGREPORT "nl-resource@nlp.ist.i.kyoto-u.ac.jp"
| #define PACKAGE_URL ""
| #define PACKAGE "juman"
| #define VERSION "7.01"
| #define STDC_HEADERS 1
| #define HAVE_SYS_TYPES_H 1
| #define HAVE_SYS_STAT_H 1
| #define HAVE_STDLIB_H 1
| #define HAVE_STRING_H 1
| #define HAVE_MEMORY_H 1
| #define HAVE_STRINGS_H 1
| #define HAVE_INTTYPES_H 1
| #define HAVE_STDINT_H 1
| #define HAVE_UNISTD_H 1
| #define HAVE_DLFCN_H 1
| #define LT_OBJDIR ".libs/"
| #define STDC_HEADERS 1
| #define HAVE_SYS_WAIT_H 1
| #define HAVE_ARPA_INET_H 1
| #define HAVE_FCNTL_H 1
| #define HAVE_LIMITS_H 1
| #define HAVE_NETDB_H 1
| #define HAVE_NETINET_IN_H 1
| #define HAVE_STDIO_H 1
| #define HAVE_STDLIB_H 1
| #define HAVE_STRING_H 1
| #define HAVE_REGEX_H 1
| #define HAVE_SYS_FILE_H 1
| #define HAVE_SYS_SOCKET_H 1
| #define HAVE_UNISTD_H 1
| /* end confdefs.h.  */
| #include <vfork.h>
configure:10930: result: no
configure:10930: checking for vfork.h
configure:10930: result: no
configure:10943: checking for fork
configure:10943: gcc -o conftest -g -O2   conftest.c  >&5
configure:10943: $? = 0
configure:10943: result: yes
configure:10943: checking for vfork
configure:10943: gcc -o conftest -g -O2   conftest.c  >&5
conftest.c:61:6: warning: incompatible redeclaration of library function 'vfork' [-Wincompatible-library-redeclaration]
char vfork ();
     ^
conftest.c:61:6: note: 'vfork' is a builtin with type 'int (void)'
1 warning generated.
configure:10943: $? = 0
configure:10943: result: yes
configure:10954: checking for working fork
configure:10976: gcc -o conftest -g -O2   conftest.c  >&5
configure:10976: $? = 0
configure:10976: ./conftest
configure:10976: $? = 0
configure:10986: result: yes
configure:11007: checking for working vfork
configure:11117: result: yes
configure:11144: checking for stdlib.h
configure:11144: result: yes
configure:11154: checking for GNU libc compatible malloc
configure:11178: gcc -o conftest -g -O2   conftest.c  >&5
configure:11178: $? = 0
configure:11178: ./conftest
configure:11178: $? = 0
configure:11188: result: yes
configure:11215: checking for stdlib.h
configure:11215: result: yes
configure:11215: checking for unistd.h
configure:11215: result: yes
configure:11215: checking for sys/param.h
configure:11215: gcc -c -g -O2  conftest.c >&5
configure:11215: $? = 0
configure:11215: result: yes
configure:11236: checking for getpagesize
configure:11236: gcc -o conftest -g -O2   conftest.c  >&5
configure:11236: $? = 0
configure:11236: result: yes
configure:11245: checking for working mmap
configure:11391: gcc -o conftest -g -O2   conftest.c  >&5
configure:11391: $? = 0
configure:11391: ./conftest
configure:11391: $? = 0
configure:11401: result: yes
configure:11410: checking return type of signal handlers
configure:11428: gcc -c -g -O2  conftest.c >&5
conftest.c:54:8: error: indirection requires pointer operand ('void' invalid)
return *(signal (0, 0)) (0) == 1;
       ^~~~~~~~~~~~~~~~~~~~
1 error generated.
configure:11428: $? = 1
configure: failed program was:
| /* confdefs.h */
| #define PACKAGE_NAME "juman"
| #define PACKAGE_TARNAME "juman"
| #define PACKAGE_VERSION "7.01"
| #define PACKAGE_STRING "juman 7.01"
| #define PACKAGE_BUGREPORT "nl-resource@nlp.ist.i.kyoto-u.ac.jp"
| #define PACKAGE_URL ""
| #define PACKAGE "juman"
| #define VERSION "7.01"
| #define STDC_HEADERS 1
| #define HAVE_SYS_TYPES_H 1
| #define HAVE_SYS_STAT_H 1
| #define HAVE_STDLIB_H 1
| #define HAVE_STRING_H 1
| #define HAVE_MEMORY_H 1
| #define HAVE_STRINGS_H 1
| #define HAVE_INTTYPES_H 1
| #define HAVE_STDINT_H 1
| #define HAVE_UNISTD_H 1
| #define HAVE_DLFCN_H 1
| #define LT_OBJDIR ".libs/"
| #define STDC_HEADERS 1
| #define HAVE_SYS_WAIT_H 1
| #define HAVE_ARPA_INET_H 1
| #define HAVE_FCNTL_H 1
| #define HAVE_LIMITS_H 1
| #define HAVE_NETDB_H 1
| #define HAVE_NETINET_IN_H 1
| #define HAVE_STDIO_H 1
| #define HAVE_STDLIB_H 1
| #define HAVE_STRING_H 1
| #define HAVE_REGEX_H 1
| #define HAVE_SYS_FILE_H 1
| #define HAVE_SYS_SOCKET_H 1
| #define HAVE_UNISTD_H 1
| #define HAVE_FORK 1
| #define HAVE_VFORK 1
| #define HAVE_WORKING_VFORK 1
| #define HAVE_WORKING_FORK 1
| #define HAVE_STDLIB_H 1
| #define HAVE_MALLOC 1
| #define HAVE_STDLIB_H 1
| #define HAVE_UNISTD_H 1
| #define HAVE_SYS_PARAM_H 1
| #define HAVE_GETPAGESIZE 1
| #define HAVE_MMAP 1
| /* end confdefs.h.  */
| #include <sys/types.h>
| #include <signal.h>
| 
| int
| main ()
| {
| return *(signal (0, 0)) (0) == 1;
|   ;
|   return 0;
| }
configure:11435: result: void
configure:11443: checking whether lstat correctly handles trailing slash
configure:11469: gcc -o conftest -g -O2   conftest.c  >&5
configure:11469: $? = 0
configure:11469: ./conftest
configure:11469: $? = 1
configure: program exited with status 1
configure: failed program was:
| /* confdefs.h */
| #define PACKAGE_NAME "juman"
| #define PACKAGE_TARNAME "juman"
| #define PACKAGE_VERSION "7.01"
| #define PACKAGE_STRING "juman 7.01"
| #define PACKAGE_BUGREPORT "nl-resource@nlp.ist.i.kyoto-u.ac.jp"
| #define PACKAGE_URL ""
| #define PACKAGE "juman"
| #define VERSION "7.01"
| #define STDC_HEADERS 1
| #define HAVE_SYS_TYPES_H 1
| #define HAVE_SYS_STAT_H 1
| #define HAVE_STDLIB_H 1
| #define HAVE_STRING_H 1
| #define HAVE_MEMORY_H 1
| #define HAVE_STRINGS_H 1
| #define HAVE_INTTYPES_H 1
| #define HAVE_STDINT_H 1
| #define HAVE_UNISTD_H 1
| #define HAVE_DLFCN_H 1
| #define LT_OBJDIR ".libs/"
| #define STDC_HEADERS 1
| #define HAVE_SYS_WAIT_H 1
| #define HAVE_ARPA_INET_H 1
| #define HAVE_FCNTL_H 1
| #define HAVE_LIMITS_H 1
| #define HAVE_NETDB_H 1
| #define HAVE_NETINET_IN_H 1
| #define HAVE_STDIO_H 1
| #define HAVE_STDLIB_H 1
| #define HAVE_STRING_H 1
| #define HAVE_REGEX_H 1
| #define HAVE_SYS_FILE_H 1
| #define HAVE_SYS_SOCKET_H 1
| #define HAVE_UNISTD_H 1
| #define HAVE_FORK 1
| #define HAVE_VFORK 1
| #define HAVE_WORKING_VFORK 1
| #define HAVE_WORKING_FORK 1
| #define HAVE_STDLIB_H 1
| #define HAVE_MALLOC 1
| #define HAVE_STDLIB_H 1
| #define HAVE_UNISTD_H 1
| #define HAVE_SYS_PARAM_H 1
| #define HAVE_GETPAGESIZE 1
| #define HAVE_MMAP 1
| #define RETSIGTYPE void
| /* end confdefs.h.  */
| #include <stdio.h>
| #ifdef HAVE_SYS_TYPES_H
| # include <sys/types.h>
| #endif
| #ifdef HAVE_SYS_STAT_H
| # include <sys/stat.h>
| #endif
| #ifdef STDC_HEADERS
| # include <stdlib.h>
| # include <stddef.h>
| #else
| # ifdef HAVE_STDLIB_H
| #  include <stdlib.h>
| # endif
| #endif
| #ifdef HAVE_STRING_H
| # if !defined STDC_HEADERS && defined HAVE_MEMORY_H
| #  include <memory.h>
| # endif
| # include <string.h>
| #endif
| #ifdef HAVE_STRINGS_H
| # include <strings.h>
| #endif
| #ifdef HAVE_INTTYPES_H
| # include <inttypes.h>
| #endif
| #ifdef HAVE_STDINT_H
| # include <stdint.h>
| #endif
| #ifdef HAVE_UNISTD_H
| # include <unistd.h>
| #endif
| int
| main ()
| {
| struct stat sbuf;
|      /* Linux will dereference the symlink and fail, as required by POSIX.
| 	That is better in the sense that it means we will not
| 	have to compile and use the lstat wrapper.  */
|      return lstat ("conftest.sym/", &sbuf) == 0;
|   ;
|   return 0;
| }
configure:11486: result: no
configure:11505: checking whether stat accepts an empty string
configure:11525: gcc -o conftest -g -O2   conftest.c  >&5
configure:11525: $? = 0
configure:11525: ./conftest
configure:11525: $? = 0
configure:11535: result: no
configure:11553: checking for vprintf
configure:11553: gcc -o conftest -g -O2   conftest.c  >&5
conftest.c:72:6: warning: incompatible redeclaration of library function 'vprintf' [-Wincompatible-library-redeclaration]
char vprintf ();
     ^
conftest.c:72:6: note: 'vprintf' is a builtin with type 'int (const char *, struct __va_list_tag *)'
1 warning generated.
configure:11553: $? = 0
configure:11553: result: yes
configure:11559: checking for _doprnt
configure:11559: gcc -o conftest -g -O2   conftest.c  >&5
Undefined symbols for architecture x86_64:
  "__doprnt", referenced from:
      _main in conftest-8a7534.o
ld: symbol(s) not found for architecture x86_64
clang: error: linker command failed with exit code 1 (use -v to see invocation)
configure:11559: $? = 1
configure: failed program was:
| /* confdefs.h */
| #define PACKAGE_NAME "juman"
| #define PACKAGE_TARNAME "juman"
| #define PACKAGE_VERSION "7.01"
| #define PACKAGE_STRING "juman 7.01"
| #define PACKAGE_BUGREPORT "nl-resource@nlp.ist.i.kyoto-u.ac.jp"
| #define PACKAGE_URL ""
| #define PACKAGE "juman"
| #define VERSION "7.01"
| #define STDC_HEADERS 1
| #define HAVE_SYS_TYPES_H 1
| #define HAVE_SYS_STAT_H 1
| #define HAVE_STDLIB_H 1
| #define HAVE_STRING_H 1
| #define HAVE_MEMORY_H 1
| #define HAVE_STRINGS_H 1
| #define HAVE_INTTYPES_H 1
| #define HAVE_STDINT_H 1
| #define HAVE_UNISTD_H 1
| #define HAVE_DLFCN_H 1
| #define LT_OBJDIR ".libs/"
| #define STDC_HEADERS 1
| #define HAVE_SYS_WAIT_H 1
| #define HAVE_ARPA_INET_H 1
| #define HAVE_FCNTL_H 1
| #define HAVE_LIMITS_H 1
| #define HAVE_NETDB_H 1
| #define HAVE_NETINET_IN_H 1
| #define HAVE_STDIO_H 1
| #define HAVE_STDLIB_H 1
| #define HAVE_STRING_H 1
| #define HAVE_REGEX_H 1
| #define HAVE_SYS_FILE_H 1
| #define HAVE_SYS_SOCKET_H 1
| #define HAVE_UNISTD_H 1
| #define HAVE_FORK 1
| #define HAVE_VFORK 1
| #define HAVE_WORKING_VFORK 1
| #define HAVE_WORKING_FORK 1
| #define HAVE_STDLIB_H 1
| #define HAVE_MALLOC 1
| #define HAVE_STDLIB_H 1
| #define HAVE_UNISTD_H 1
| #define HAVE_SYS_PARAM_H 1
| #define HAVE_GETPAGESIZE 1
| #define HAVE_MMAP 1
| #define RETSIGTYPE void
| #define HAVE_VPRINTF 1
| /* end confdefs.h.  */
| /* Define _doprnt to an innocuous variant, in case <limits.h> declares _doprnt.
|    For example, HP-UX 11i <limits.h> declares gettimeofday.  */
| #define _doprnt innocuous__doprnt
| 
| /* System header to define __stub macros and hopefully few prototypes,
|     which can conflict with char _doprnt (); below.
|     Prefer <limits.h> to <assert.h> if __STDC__ is defined, since
|     <limits.h> exists even on freestanding compilers.  */
| 
| #ifdef __STDC__
| # include <limits.h>
| #else
| # include <assert.h>
| #endif
| 
| #undef _doprnt
| 
| /* Override any GCC internal prototype to avoid an error.
|    Use char because int might match the return type of a GCC
|    builtin and then its argument prototype would still apply.  */
| #ifdef __cplusplus
| extern "C"
| #endif
| char _doprnt ();
| /* The GNU C library defines this for functions which it implements
|     to always fail with ENOSYS.  Some functions are actually named
|     something starting with __ and the normal name is an alias.  */
| #if defined __stub__doprnt || defined __stub____doprnt
| choke me
| #endif
| 
| int
| main ()
| {
| return _doprnt ();
|   ;
|   return 0;
| }
configure:11559: result: no
configure:11573: checking for getcwd
configure:11573: gcc -o conftest -g -O2   conftest.c  >&5
configure:11573: $? = 0
configure:11573: result: yes
configure:11573: checking for gethostbyname
configure:11573: gcc -o conftest -g -O2   conftest.c  >&5
configure:11573: $? = 0
configure:11573: result: yes
configure:11573: checking for memset
configure:11573: gcc -o conftest -g -O2   conftest.c  >&5
conftest.c:75:6: warning: incompatible redeclaration of library function 'memset' [-Wincompatible-library-redeclaration]
char memset ();
     ^
conftest.c:75:6: note: 'memset' is a builtin with type 'void *(void *, int, unsigned long)'
1 warning generated.
configure:11573: $? = 0
configure:11573: result: yes
configure:11573: checking for socket
configure:11573: gcc -o conftest -g -O2   conftest.c  >&5
configure:11573: $? = 0
configure:11573: result: yes
configure:11573: checking for strcasecmp
configure:11573: gcc -o conftest -g -O2   conftest.c  >&5
conftest.c:77:6: warning: incompatible redeclaration of library function 'strcasecmp' [-Wincompatible-library-redeclaration]
char strcasecmp ();
     ^
conftest.c:77:6: note: 'strcasecmp' is a builtin with type 'int (const char *, const char *)'
1 warning generated.
configure:11573: $? = 0
configure:11573: result: yes
configure:11573: checking for strchr
configure:11573: gcc -o conftest -g -O2   conftest.c  >&5
conftest.c:78:6: warning: incompatible redeclaration of library function 'strchr' [-Wincompatible-library-redeclaration]
char strchr ();
     ^
conftest.c:78:6: note: 'strchr' is a builtin with type 'char *(const char *, int)'
1 warning generated.
configure:11573: $? = 0
configure:11573: result: yes
configure:11573: checking for strdup
configure:11573: gcc -o conftest -g -O2   conftest.c  >&5
conftest.c:79:6: warning: incompatible redeclaration of library function 'strdup' [-Wincompatible-library-redeclaration]
char strdup ();
     ^
conftest.c:79:6: note: 'strdup' is a builtin with type 'char *(const char *)'
1 warning generated.
configure:11573: $? = 0
configure:11573: result: yes
configure:11735: creating ./config.status

## ---------------------- ##
## Running config.status. ##
## ---------------------- ##

This file was extended by juman config.status 7.01, which was
generated by GNU Autoconf 2.65.  Invocation command line was

  CONFIG_FILES    = 
  CONFIG_HEADERS  = 
  CONFIG_LINKS    = 
  CONFIG_COMMANDS = 
  $ ./config.status 

on nakanishitomoakinoMacBook-Pro-8.local

config.status:1107: creating Makefile
config.status:1107: creating lib/Makefile
config.status:1107: creating makemat/Makefile
config.status:1107: creating makeint/Makefile
config.status:1107: creating makepat/Makefile
config.status:1107: creating juman/Makefile
config.status:1107: creating dic/Makefile
config.status:1107: creating autodic/Makefile
config.status:1107: creating wikipediadic/Makefile
config.status:1107: creating doc/Makefile
config.status:1107: creating config.h
config.status:1327: executing depfiles commands
config.status:1327: executing libtool commands

## ---------------- ##
## Cache variables. ##
## ---------------- ##

ac_cv_build=x86_64-apple-darwin18.2.0
ac_cv_c_compiler_gnu=yes
ac_cv_c_const=yes
ac_cv_env_CC_set=
ac_cv_env_CC_value=
ac_cv_env_CFLAGS_set=
ac_cv_env_CFLAGS_value=
ac_cv_env_CPPFLAGS_set=
ac_cv_env_CPPFLAGS_value=
ac_cv_env_CPP_set=
ac_cv_env_CPP_value=
ac_cv_env_LDFLAGS_set=
ac_cv_env_LDFLAGS_value=
ac_cv_env_LIBS_set=
ac_cv_env_LIBS_value=
ac_cv_env_build_alias_set=
ac_cv_env_build_alias_value=
ac_cv_env_host_alias_set=
ac_cv_env_host_alias_value=
ac_cv_env_target_alias_set=
ac_cv_env_target_alias_value=
ac_cv_func__doprnt=no
ac_cv_func_fork=yes
ac_cv_func_fork_works=yes
ac_cv_func_getcwd=yes
ac_cv_func_gethostbyname=yes
ac_cv_func_getpagesize=yes
ac_cv_func_lstat_dereferences_slashed_symlink=no
ac_cv_func_malloc_0_nonnull=yes
ac_cv_func_memset=yes
ac_cv_func_mmap_fixed_mapped=yes
ac_cv_func_socket=yes
ac_cv_func_stat_empty_string_bug=no
ac_cv_func_strcasecmp=yes
ac_cv_func_strchr=yes
ac_cv_func_strdup=yes
ac_cv_func_vfork=yes
ac_cv_func_vfork_works=yes
ac_cv_func_vprintf=yes
ac_cv_header_arpa_inet_h=yes
ac_cv_header_dlfcn_h=yes
ac_cv_header_fcntl_h=yes
ac_cv_header_inttypes_h=yes
ac_cv_header_limits_h=yes
ac_cv_header_memory_h=yes
ac_cv_header_netdb_h=yes
ac_cv_header_netinet_in_h=yes
ac_cv_header_regex_h=yes
ac_cv_header_stdc=yes
ac_cv_header_stdint_h=yes
ac_cv_header_stdio_h=yes
ac_cv_header_stdlib_h=yes
ac_cv_header_string_h=yes
ac_cv_header_strings_h=yes
ac_cv_header_sys_file_h=yes
ac_cv_header_sys_param_h=yes
ac_cv_header_sys_socket_h=yes
ac_cv_header_sys_stat_h=yes
ac_cv_header_sys_types_h=yes
ac_cv_header_sys_wait_h=yes
ac_cv_header_unistd_h=yes
ac_cv_header_vfork_h=no
ac_cv_header_windows_h=no
ac_cv_header_winsock2_h=no
ac_cv_host=x86_64-apple-darwin18.2.0
ac_cv_lib_error_at_line=no
ac_cv_lib_nsl_gethostbyname=no
ac_cv_lib_socket_socket=no
ac_cv_objext=o
ac_cv_path_EGREP='/usr/bin/grep -E'
ac_cv_path_FGREP='/usr/bin/grep -F'
ac_cv_path_GREP=/usr/bin/grep
ac_cv_path_SED=/usr/bin/sed
ac_cv_path_install='/usr/bin/install -c'
ac_cv_prog_AWK=awk
ac_cv_prog_CPP='gcc -E'
ac_cv_prog_ac_ct_AR=ar
ac_cv_prog_ac_ct_CC=gcc
ac_cv_prog_ac_ct_DSYMUTIL=dsymutil
ac_cv_prog_ac_ct_LIPO=lipo
ac_cv_prog_ac_ct_NMEDIT=nmedit
ac_cv_prog_ac_ct_OBJDUMP=objdump
ac_cv_prog_ac_ct_OTOOL=otool
ac_cv_prog_ac_ct_RANLIB=ranlib
ac_cv_prog_ac_ct_STRIP=strip
ac_cv_prog_cc_c89=
ac_cv_prog_cc_g=yes
ac_cv_prog_make_make_set=yes
ac_cv_struct_tm=time.h
ac_cv_type_off_t=yes
ac_cv_type_pid_t=yes
ac_cv_type_signal=void
am_cv_CC_dependencies_compiler_type=gcc3
lt_cv_apple_cc_single_mod=yes
lt_cv_deplibs_check_method=pass_all
lt_cv_file_magic_cmd='$MAGIC_CMD'
lt_cv_file_magic_test_file=
lt_cv_ld_exported_symbols_list=yes
lt_cv_ld_reload_flag=-r
lt_cv_nm_interface='BSD nm'
lt_cv_objdir=.libs
lt_cv_path_LD=/Applications/Xcode.app/Contents/Developer/Toolchains/XcodeDefault.xctoolchain/usr/bin/ld
lt_cv_path_NM='/usr/bin/nm -B'
lt_cv_prog_compiler_c_o=yes
lt_cv_prog_compiler_pic_works=yes
lt_cv_prog_compiler_rtti_exceptions=yes
lt_cv_prog_compiler_static_works=no
lt_cv_prog_gnu_ld=no
lt_cv_sys_global_symbol_pipe='sed -n -e '\''s/^.*[	 ]\([BCDEGRST][BCDEGRST]*\)[	 ][	 ]*_\([_A-Za-z][_A-Za-z0-9]*\)$/\1 _\2 \2/p'\'''
lt_cv_sys_global_symbol_to_c_name_address='sed -n -e '\''s/^: \([^ ]*\) $/  {\"\1\", (void *) 0},/p'\'' -e '\''s/^[BCDEGRST]* \([^ ]*\) \([^ ]*\)$/  {"\2", (void *) \&\2},/p'\'''
lt_cv_sys_global_symbol_to_c_name_address_lib_prefix='sed -n -e '\''s/^: \([^ ]*\) $/  {\"\1\", (void *) 0},/p'\'' -e '\''s/^[BCDEGRST]* \([^ ]*\) \(lib[^ ]*\)$/  {"\2", (void *) \&\2},/p'\'' -e '\''s/^[BCDEGRST]* \([^ ]*\) \([^ ]*\)$/  {"lib\2", (void *) \&\2},/p'\'''
lt_cv_sys_global_symbol_to_cdecl='sed -n -e '\''s/^T .* \(.*\)$/extern int \1();/p'\'' -e '\''s/^[BCDEGRST]* .* \(.*\)$/extern char \1;/p'\'''
lt_cv_sys_max_cmd_len=196608

## ----------------- ##
## Output variables. ##
## ----------------- ##

ACLOCAL='${SHELL} /Users/e175714/Desktop/exp/juman/juman-7.01/missing --run aclocal-1.11'
AMDEPBACKSLASH='\'
AMDEP_FALSE='#'
AMDEP_TRUE=''
AMTAR='${SHELL} /Users/e175714/Desktop/exp/juman/juman-7.01/missing --run tar'
AR='ar'
AUTOCONF='${SHELL} /Users/e175714/Desktop/exp/juman/juman-7.01/missing --run autoconf'
AUTOHEADER='${SHELL} /Users/e175714/Desktop/exp/juman/juman-7.01/missing --run autoheader'
AUTOMAKE='${SHELL} /Users/e175714/Desktop/exp/juman/juman-7.01/missing --run automake-1.11'
AWK='awk'
CC='gcc'
CCDEPMODE='depmode=gcc3'
CFLAGS='-g -O2'
CPP='gcc -E'
CPPFLAGS=''
CYGPATH_W='echo'
DEFS='-DHAVE_CONFIG_H'
DEPDIR='.deps'
DSYMUTIL='dsymutil'
DUMPBIN=''
ECHO_C='\c'
ECHO_N=''
ECHO_T=''
EGREP='/usr/bin/grep -E'
EXEEXT=''
FGREP='/usr/bin/grep -F'
GREP='/usr/bin/grep'
INSTALL_DATA='${INSTALL} -m 644'
INSTALL_PROGRAM='${INSTALL}'
INSTALL_SCRIPT='${INSTALL}'
INSTALL_STRIP_PROGRAM='$(install_sh) -c -s'
LD='/Applications/Xcode.app/Contents/Developer/Toolchains/XcodeDefault.xctoolchain/usr/bin/ld'
LDFLAGS=''
LIBJUMAN_VERSION_INFO='4:0:0'
LIBOBJS=' ${LIBOBJDIR}error$U.o ${LIBOBJDIR}lstat$U.o'
LIBS=''
LIBTOOL='$(SHELL) $(top_builddir)/libtool'
LIPO='lipo'
LN_S='ln -s'
LTLIBOBJS=' ${LIBOBJDIR}error$U.lo ${LIBOBJDIR}lstat$U.lo'
MAKEINFO='${SHELL} /Users/e175714/Desktop/exp/juman/juman-7.01/missing --run makeinfo'
MKDIR_P='./install-sh -c -d'
NET_LIBS=''
NM='/usr/bin/nm -B'
NMEDIT='nmedit'
OBJDUMP='objdump'
OBJEXT='o'
OTOOL64=':'
OTOOL='otool'
PACKAGE='juman'
PACKAGE_BUGREPORT='nl-resource@nlp.ist.i.kyoto-u.ac.jp'
PACKAGE_NAME='juman'
PACKAGE_STRING='juman 7.01'
PACKAGE_TARNAME='juman'
PACKAGE_URL=''
PACKAGE_VERSION='7.01'
PATH_SEPARATOR=':'
RANLIB='ranlib'
SED='/usr/bin/sed'
SET_MAKE=''
SHELL='/bin/sh'
STRIP='strip'
VERSION='7.01'
ac_ct_CC='gcc'
ac_ct_DUMPBIN=''
am__EXEEXT_FALSE=''
am__EXEEXT_TRUE='#'
am__fastdepCC_FALSE='#'
am__fastdepCC_TRUE=''
am__include='include'
am__isrc=''
am__leading_dot='.'
am__quote=''
am__tar='${AMTAR} chof - "$$tardir"'
am__untar='${AMTAR} xf -'
bindir='${exec_prefix}/bin'
build='x86_64-apple-darwin18.2.0'
build_alias=''
build_cpu='x86_64'
build_os='darwin18.2.0'
build_vendor='apple'
datadir='${datarootdir}'
datarootdir='${prefix}/share'
docdir='${datarootdir}/doc/${PACKAGE_TARNAME}'
dvidir='${docdir}'
exec_prefix='${prefix}'
host='x86_64-apple-darwin18.2.0'
host_alias=''
host_cpu='x86_64'
host_os='darwin18.2.0'
host_vendor='apple'
htmldir='${docdir}'
includedir='${prefix}/include'
infodir='${datarootdir}/info'
install_sh='${SHELL} /Users/e175714/Desktop/exp/juman/juman-7.01/install-sh'
libdir='${exec_prefix}/lib'
libexecdir='${exec_prefix}/libexec'
localedir='${datarootdir}/locale'
localstatedir='${prefix}/var'
lt_ECHO='/bin/echo'
mandir='${datarootdir}/man'
mkdir_p='$(top_builddir)/./install-sh -c -d'
oldincludedir='/usr/include'
pdfdir='${docdir}'
prefix='/usr/local'
program_transform_name='s,x,x,'
psdir='${docdir}'
sbindir='${exec_prefix}/sbin'
sharedstatedir='${prefix}/com'
sysconfdir='${prefix}/etc'
target_alias=''

## ----------- ##
## confdefs.h. ##
## ----------- ##

/* confdefs.h */
#define PACKAGE_NAME "juman"
#define PACKAGE_TARNAME "juman"
#define PACKAGE_VERSION "7.01"
#define PACKAGE_STRING "juman 7.01"
#define PACKAGE_BUGREPORT "nl-resource@nlp.ist.i.kyoto-u.ac.jp"
#define PACKAGE_URL ""
#define PACKAGE "juman"
#define VERSION "7.01"
#define STDC_HEADERS 1
#define HAVE_SYS_TYPES_H 1
#define HAVE_SYS_STAT_H 1
#define HAVE_STDLIB_H 1
#define HAVE_STRING_H 1
#define HAVE_MEMORY_H 1
#define HAVE_STRINGS_H 1
#define HAVE_INTTYPES_H 1
#define HAVE_STDINT_H 1
#define HAVE_UNISTD_H 1
#define HAVE_DLFCN_H 1
#define LT_OBJDIR ".libs/"
#define STDC_HEADERS 1
#define HAVE_SYS_WAIT_H 1
#define HAVE_ARPA_INET_H 1
#define HAVE_FCNTL_H 1
#define HAVE_LIMITS_H 1
#define HAVE_NETDB_H 1
#define HAVE_NETINET_IN_H 1
#define HAVE_STDIO_H 1
#define HAVE_STDLIB_H 1
#define HAVE_STRING_H 1
#define HAVE_REGEX_H 1
#define HAVE_SYS_FILE_H 1
#define HAVE_SYS_SOCKET_H 1
#define HAVE_UNISTD_H 1
#define HAVE_FORK 1
#define HAVE_VFORK 1
#define HAVE_WORKING_VFORK 1
#define HAVE_WORKING_FORK 1
#define HAVE_STDLIB_H 1
#define HAVE_MALLOC 1
#define HAVE_STDLIB_H 1
#define HAVE_UNISTD_H 1
#define HAVE_SYS_PARAM_H 1
#define HAVE_GETPAGESIZE 1
#define HAVE_MMAP 1
#define RETSIGTYPE void
#define HAVE_VPRINTF 1
#define HAVE_GETCWD 1
#define HAVE_GETHOSTBYNAME 1
#define HAVE_MEMSET 1
#define HAVE_SOCKET 1
#define HAVE_STRCASECMP 1
#define HAVE_STRCHR 1
#define HAVE_STRDUP 1
#define NUMERIC_P 1
#define THROUGH_P 1
#define RC_DEFAULT "/usr/local/etc/jumanrc"

configure: exit 0
